#
# There is insufficient memory for the Java Runtime Environment to continue.
# Native memory allocation (malloc) failed to allocate 866496 bytes. Error detail: Chunk::new
# Possible reasons:
#   The system is out of physical RAM or swap space
#   This process is running with CompressedOops enabled, and the Java Heap may be blocking the growth of the native heap
# Possible solutions:
#   Reduce memory load on the system
#   Increase physical memory or swap space
#   Check if swap backing store is full
#   Decrease Java heap size (-Xmx/-Xms)
#   Decrease number of Java threads
#   Decrease Java thread stack sizes (-Xss)
#   Set larger code cache with -XX:ReservedCodeCacheSize=
#   JVM is running with Unscaled Compressed Oops mode in which the Java heap is
#     placed in the first 4GB address space. The Java Heap base address is the
#     maximum limit for the native heap growth. Please use -XX:HeapBaseMinAddress
#     to set the Java Heap base and to place the Java Heap above 4GB virtual address.
# This output file may be truncated or incomplete.
#
#  Out of Memory Error (arena.cpp:168), pid=7288, tid=33260
#
# JRE version: OpenJDK Runtime Environment Temurin-21.0.5+11 (21.0.5+11) (build 21.0.5+11-LTS)
# Java VM: OpenJDK 64-Bit Server VM Temurin-21.0.5+11 (21.0.5+11-LTS, mixed mode, sharing, tiered, compressed oops, compressed class ptrs, parallel gc, windows-amd64)
# No core dump will be written. Minidumps are not enabled by default on client versions of Windows
#

---------------  S U M M A R Y ------------

Command Line: --add-modules=ALL-SYSTEM --add-opens=java.base/java.util=ALL-UNNAMED --add-opens=java.base/java.lang=ALL-UNNAMED --add-opens=java.base/sun.nio.fs=ALL-UNNAMED -Declipse.application=org.eclipse.jdt.ls.core.id1 -Dosgi.bundles.defaultStartLevel=4 -Declipse.product=org.eclipse.jdt.ls.core.product -Djava.import.generatesMetadataFilesAtProjectRoot=false -DDetectVMInstallationsJob.disabled=true -Dfile.encoding=utf8 -XX:+UseParallelGC -XX:GCTimeRatio=4 -XX:AdaptiveSizePolicyWeight=90 -Dsun.zip.disableMemoryMapping=true -Xmx1G -Xms100m -Xlog:disable -javaagent:c:\Users\ASUS\.vscode\extensions\redhat.java-1.39.0-win32-x64\lombok\lombok-1.18.34.jar c:\Users\ASUS\.vscode\extensions\redhat.java-1.39.0-win32-x64\server\plugins\org.eclipse.equinox.launcher_1.6.900.v20240613-2009.jar -configuration c:\Users\ASUS\AppData\Roaming\Code\User\globalStorage\redhat.java\1.39.0\config_ss_win -data c:\Users\ASUS\AppData\Roaming\Code\User\workspaceStorage\6910ae234b86999c1438dbf576e5d1cf\redhat.java\ss_ws --pipe=\\.\pipe\lsp-b484d8f376ebe3e659d7f8bab50865f9-sock

Host: Intel(R) Core(TM) i5-10210U CPU @ 1.60GHz, 8 cores, 7G,  Windows 11 , 64 bit Build 22621 (10.0.22621.4391)
Time: Sat Feb 15 09:37:49 2025 Malay Peninsula Standard Time elapsed time: 11.287578 seconds (0d 0h 0m 11s)

---------------  T H R E A D  ---------------

Current thread (0x00000180011d10c0):  JavaThread "C2 CompilerThread0" daemon [_thread_in_native, id=33260, stack(0x000000274ef00000,0x000000274f000000) (1024K)]


Current CompileTask:
C2:11287 3289       4       java.lang.invoke.MethodType::makeImpl (109 bytes)

Stack: [0x000000274ef00000,0x000000274f000000]
Native frames: (J=compiled Java code, j=interpreted, Vv=VM code, C=native code)
V  [jvm.dll+0x6cd4e9]
V  [jvm.dll+0x8a7941]
V  [jvm.dll+0x8a9e6e]
V  [jvm.dll+0x8aa543]
V  [jvm.dll+0x27f6d6]
V  [jvm.dll+0xc500d]
V  [jvm.dll+0xc5543]
V  [jvm.dll+0x2f2a9d]
V  [jvm.dll+0x5f67ea]
V  [jvm.dll+0x250b82]
V  [jvm.dll+0x249506]
V  [jvm.dll+0x246ea4]
V  [jvm.dll+0x1c75ce]
V  [jvm.dll+0x25682a]
V  [jvm.dll+0x254dca]
V  [jvm.dll+0x3f00d6]
V  [jvm.dll+0x8514fb]
V  [jvm.dll+0x6cbbed]
C  [ucrtbase.dll+0x29333]
C  [KERNEL32.DLL+0x1259d]
C  [ntdll.dll+0x5af38]


---------------  P R O C E S S  ---------------

Threads class SMR info:
_java_thread_list=0x0000018008f5f800, length=33, elements={
0x0000017fa9c52380, 0x00000180011c4a70, 0x00000180011c5670, 0x00000180011ca450,
0x00000180011caab0, 0x00000180011cdbc0, 0x00000180011cf750, 0x00000180011d10c0,
0x00000180011da660, 0x0000018002c56030, 0x0000018002e1f410, 0x0000018007660ab0,
0x00000180073e56f0, 0x00000180011fdf50, 0x0000018007387010, 0x0000018002f1c2d0,
0x0000018002de1b90, 0x00000180078ac280, 0x00000180078a01e0, 0x0000018007a8f510,
0x0000018007b61500, 0x0000018007a8ee80, 0x0000018007a8fba0, 0x0000018007a8e7f0,
0x0000018008ece8f0, 0x0000018008ec93a0, 0x0000018008ecade0, 0x0000018008ecd540,
0x0000018008ecef80, 0x0000018008ec7ff0, 0x0000018008ecdbd0, 0x0000018008ecc190,
0x0000018008ece260
}

Java Threads: ( => current thread )
  0x0000017fa9c52380 JavaThread "main"                              [_thread_blocked, id=6836, stack(0x000000274e500000,0x000000274e600000) (1024K)]
  0x00000180011c4a70 JavaThread "Reference Handler"          daemon [_thread_blocked, id=26488, stack(0x000000274e900000,0x000000274ea00000) (1024K)]
  0x00000180011c5670 JavaThread "Finalizer"                  daemon [_thread_blocked, id=15756, stack(0x000000274ea00000,0x000000274eb00000) (1024K)]
  0x00000180011ca450 JavaThread "Signal Dispatcher"          daemon [_thread_blocked, id=15432, stack(0x000000274eb00000,0x000000274ec00000) (1024K)]
  0x00000180011caab0 JavaThread "Attach Listener"            daemon [_thread_blocked, id=30912, stack(0x000000274ec00000,0x000000274ed00000) (1024K)]
  0x00000180011cdbc0 JavaThread "Service Thread"             daemon [_thread_blocked, id=33408, stack(0x000000274ed00000,0x000000274ee00000) (1024K)]
  0x00000180011cf750 JavaThread "Monitor Deflation Thread"   daemon [_thread_blocked, id=29648, stack(0x000000274ee00000,0x000000274ef00000) (1024K)]
=>0x00000180011d10c0 JavaThread "C2 CompilerThread0"         daemon [_thread_in_native, id=33260, stack(0x000000274ef00000,0x000000274f000000) (1024K)]
  0x00000180011da660 JavaThread "C1 CompilerThread0"         daemon [_thread_blocked, id=16932, stack(0x000000274f000000,0x000000274f100000) (1024K)]
  0x0000018002c56030 JavaThread "Common-Cleaner"             daemon [_thread_blocked, id=33768, stack(0x000000274f100000,0x000000274f200000) (1024K)]
  0x0000018002e1f410 JavaThread "Notification Thread"        daemon [_thread_blocked, id=9632, stack(0x000000274f300000,0x000000274f400000) (1024K)]
  0x0000018007660ab0 JavaThread "Active Thread: Equinox Container: a82bf5ba-2de3-4689-b86c-d6da11bf4aba"        [_thread_blocked, id=1352, stack(0x000000274f400000,0x000000274f500000) (1024K)]
  0x00000180073e56f0 JavaThread "Framework Event Dispatcher: Equinox Container: a82bf5ba-2de3-4689-b86c-d6da11bf4aba" daemon [_thread_blocked, id=14052, stack(0x000000274f200000,0x000000274f300000) (1024K)]
  0x00000180011fdf50 JavaThread "Start Level: Equinox Container: a82bf5ba-2de3-4689-b86c-d6da11bf4aba" daemon [_thread_blocked, id=5812, stack(0x000000274fb00000,0x000000274fc00000) (1024K)]
  0x0000018007387010 JavaThread "SCR Component Actor"        daemon [_thread_blocked, id=24168, stack(0x000000274fc00000,0x000000274fd00000) (1024K)]
  0x0000018002f1c2d0 JavaThread "SCR Component Registry"     daemon [_thread_blocked, id=14992, stack(0x000000274fe00000,0x000000274ff00000) (1024K)]
  0x0000018002de1b90 JavaThread "Worker-JM"                         [_thread_blocked, id=6572, stack(0x0000002750000000,0x0000002750100000) (1024K)]
  0x00000180078ac280 JavaThread "JNA Cleaner"                daemon [_thread_blocked, id=17452, stack(0x000000274ff00000,0x0000002750000000) (1024K)]
  0x00000180078a01e0 JavaThread "Worker-0"                          [_thread_blocked, id=7132, stack(0x0000002750100000,0x0000002750200000) (1024K)]
  0x0000018007a8f510 JavaThread "Worker-1"                          [_thread_blocked, id=18180, stack(0x0000002750200000,0x0000002750300000) (1024K)]
  0x0000018007b61500 JavaThread "C2 CompilerThread1"         daemon [_thread_in_native, id=13244, stack(0x0000002750300000,0x0000002750400000) (1024K)]
  0x0000018007a8ee80 JavaThread "Thread-2"                   daemon [_thread_in_native, id=4056, stack(0x0000002750400000,0x0000002750500000) (1024K)]
  0x0000018007a8fba0 JavaThread "Thread-3"                   daemon [_thread_in_native, id=28752, stack(0x0000002750500000,0x0000002750600000) (1024K)]
  0x0000018007a8e7f0 JavaThread "Thread-4"                   daemon [_thread_in_native, id=29768, stack(0x0000002750600000,0x0000002750700000) (1024K)]
  0x0000018008ece8f0 JavaThread "Thread-5"                   daemon [_thread_in_native, id=30808, stack(0x0000002750700000,0x0000002750800000) (1024K)]
  0x0000018008ec93a0 JavaThread "Thread-6"                   daemon [_thread_in_native, id=21620, stack(0x0000002750800000,0x0000002750900000) (1024K)]
  0x0000018008ecade0 JavaThread "Thread-7"                   daemon [_thread_in_native, id=34152, stack(0x0000002750900000,0x0000002750a00000) (1024K)]
  0x0000018008ecd540 JavaThread "Thread-8"                   daemon [_thread_in_native, id=24716, stack(0x0000002750a00000,0x0000002750b00000) (1024K)]
  0x0000018008ecef80 JavaThread "Thread-9"                   daemon [_thread_in_native, id=10488, stack(0x0000002750b00000,0x0000002750c00000) (1024K)]
  0x0000018008ec7ff0 JavaThread "Thread-10"                  daemon [_thread_in_native, id=19612, stack(0x0000002750c00000,0x0000002750d00000) (1024K)]
  0x0000018008ecdbd0 JavaThread "pool-2-thread-1"                   [_thread_blocked, id=13876, stack(0x0000002750d00000,0x0000002750e00000) (1024K)]
  0x0000018008ecc190 JavaThread "WorkspaceEventsHandler"            [_thread_blocked, id=31612, stack(0x0000002750e00000,0x0000002750f00000) (1024K)]
  0x0000018008ece260 JavaThread "pool-1-thread-1"                   [_thread_in_vm, id=6608, stack(0x0000002750f00000,0x0000002751000000) (1024K)]
Total: 33

Other Threads:
  0x0000017fa9d0e790 VMThread "VM Thread"                           [id=30312, stack(0x000000274e800000,0x000000274e900000) (1024K)]
  0x00000180010dca00 WatcherThread "VM Periodic Task Thread"        [id=32516, stack(0x000000274e700000,0x000000274e800000) (1024K)]
  0x0000017fa9c6f9e0 WorkerThread "GC Thread#0"                     [id=32520, stack(0x000000274e600000,0x000000274e700000) (1024K)]
  0x000001800729bce0 WorkerThread "GC Thread#1"                     [id=28404, stack(0x000000274f500000,0x000000274f600000) (1024K)]
  0x0000018002ef54e0 WorkerThread "GC Thread#2"                     [id=3484, stack(0x000000274f600000,0x000000274f700000) (1024K)]
  0x000001800729c080 WorkerThread "GC Thread#3"                     [id=29264, stack(0x000000274f700000,0x000000274f800000) (1024K)]
  0x000001800729c420 WorkerThread "GC Thread#4"                     [id=26604, stack(0x000000274f800000,0x000000274f900000) (1024K)]
  0x000001800729c7c0 WorkerThread "GC Thread#5"                     [id=8356, stack(0x000000274f900000,0x000000274fa00000) (1024K)]
  0x0000018002ef7d10 WorkerThread "GC Thread#6"                     [id=32432, stack(0x000000274fa00000,0x000000274fb00000) (1024K)]
  0x000001800736ea40 WorkerThread "GC Thread#7"                     [id=28676, stack(0x000000274fd00000,0x000000274fe00000) (1024K)]
Total: 10

Threads with active compile tasks:
C2 CompilerThread0  11329 3289       4       java.lang.invoke.MethodType::makeImpl (109 bytes)
C1 CompilerThread0  11329 3437       3       com.sun.org.apache.xerces.internal.dom.NodeImpl::isNormalized (55 bytes)
C2 CompilerThread1  11329 3395       4       java.lang.invoke.MethodType::methodType (69 bytes)
Total: 3

VM state: not at safepoint (normal execution)

VM Mutex/Monitor currently owned by a thread: None

Heap address: 0x00000000c0000000, size: 1024 MB, Compressed Oops mode: 32-bit

CDS archive(s) mapped at: [0x0000017fc0000000-0x0000017fc0ba0000-0x0000017fc0ba0000), size 12189696, SharedBaseAddress: 0x0000017fc0000000, ArchiveRelocationMode: 1.
Compressed class space mapped at: 0x0000017fc1000000-0x0000018001000000, reserved size: 1073741824
Narrow klass base: 0x0000017fc0000000, Narrow klass shift: 0, Narrow klass range: 0x100000000

GC Precious Log:
 CardTable entry size: 512
 CPUs: 8 total, 8 available
 Memory: 8042M
 Large Page Support: Disabled
 NUMA Support: Disabled
 Compressed Oops: Enabled (32-bit)
 Alignments: Space 512K, Generation 512K, Heap 2M
 Heap Min Capacity: 100M
 Heap Initial Capacity: 100M
 Heap Max Capacity: 1G
 Pre-touch: Disabled
 Parallel Workers: 8

Heap:
 PSYoungGen      total 28160K, used 12981K [0x00000000eab00000, 0x00000000ecb80000, 0x0000000100000000)
  eden space 24064K, 36% used [0x00000000eab00000,0x00000000eb3adfc8,0x00000000ec280000)
  from space 4096K, 99% used [0x00000000ec700000,0x00000000ecaff6d8,0x00000000ecb00000)
  to   space 4608K, 0% used [0x00000000ec280000,0x00000000ec280000,0x00000000ec700000)
 ParOldGen       total 68608K, used 8751K [0x00000000c0000000, 0x00000000c4300000, 0x00000000eab00000)
  object space 68608K, 12% used [0x00000000c0000000,0x00000000c088bf70,0x00000000c4300000)
 Metaspace       used 28094K, committed 28928K, reserved 1114112K
  class space    used 2737K, committed 3072K, reserved 1048576K

Card table byte_map: [0x0000017fbd960000,0x0000017fbdb70000] _byte_map_base: 0x0000017fbd360000

Marking Bits: (ParMarkBitMap*) 0x00007ffc65ad2250
 Begin Bits: [0x0000017fbdcd0000, 0x0000017fbecd0000)
 End Bits:   [0x0000017fbecd0000, 0x0000017fbfcd0000)

Polling page: 0x0000017fa9d10000

Metaspace:

Usage:
  Non-class:     24.76 MB used.
      Class:      2.67 MB used.
       Both:     27.44 MB used.

Virtual space:
  Non-class space:       64.00 MB reserved,      25.25 MB ( 39%) committed,  1 nodes.
      Class space:        1.00 GB reserved,       3.00 MB ( <1%) committed,  1 nodes.
             Both:        1.06 GB reserved,      28.25 MB (  3%) committed. 

Chunk freelists:
   Non-Class:  6.36 MB
       Class:  13.01 MB
        Both:  19.37 MB

MaxMetaspaceSize: unlimited
CompressedClassSpaceSize: 1.00 GB
Initial GC threshold: 21.00 MB
Current GC threshold: 35.00 MB
CDS: on
 - commit_granule_bytes: 65536.
 - commit_granule_words: 8192.
 - virtual_space_node_default_size: 8388608.
 - enlarge_chunks_in_place: 1.
 - use_allocation_guard: 0.


Internal statistics:

num_allocs_failed_limit: 3.
num_arena_births: 536.
num_arena_deaths: 14.
num_vsnodes_births: 2.
num_vsnodes_deaths: 0.
num_space_committed: 452.
num_space_uncommitted: 0.
num_chunks_returned_to_freelist: 17.
num_chunks_taken_from_freelist: 1603.
num_chunk_merges: 8.
num_chunk_splits: 1050.
num_chunks_enlarged: 682.
num_inconsistent_stats: 0.

CodeHeap 'non-profiled nmethods': size=120000Kb used=1517Kb max_used=1517Kb free=118483Kb
 bounds [0x0000017fb6250000, 0x0000017fb64c0000, 0x0000017fbd780000]
CodeHeap 'profiled nmethods': size=120000Kb used=6723Kb max_used=6723Kb free=113276Kb
 bounds [0x0000017fae780000, 0x0000017faee20000, 0x0000017fb5cb0000]
CodeHeap 'non-nmethods': size=5760Kb used=1341Kb max_used=1389Kb free=4418Kb
 bounds [0x0000017fb5cb0000, 0x0000017fb5f20000, 0x0000017fb6250000]
 total_blobs=4069 nmethods=3433 adapters=541
 compilation: enabled
              stopped_count=0, restarted_count=0
 full_count=0

Compilation events (20 events):
Event: 11.280 Thread 0x00000180011da660 3402       3       java.lang.reflect.Modifier::isAbstract (14 bytes)
Event: 11.280 Thread 0x00000180011da660 nmethod 3402 0x0000017faedfba90 code [0x0000017faedfbc20, 0x0000017faedfbd68]
Event: 11.280 Thread 0x00000180011da660 3404       3       java.lang.invoke.DirectMethodHandle$Accessor::<init> (24 bytes)
Event: 11.281 Thread 0x00000180011da660 nmethod 3404 0x0000017faedfbe10 code [0x0000017faedfbfc0, 0x0000017faedfc188]
Event: 11.281 Thread 0x00000180011da660 3405       3       com.google.gson.stream.JsonReader::nextQuotedValue (294 bytes)
Event: 11.282 Thread 0x00000180011da660 nmethod 3405 0x0000017faedfc290 code [0x0000017faedfc5a0, 0x0000017faedfd478]
Event: 11.282 Thread 0x00000180011da660 3406       3       java.lang.invoke.DirectMethodHandle$Accessor::checkCast (9 bytes)
Event: 11.282 Thread 0x00000180011da660 nmethod 3406 0x0000017faedfdb90 code [0x0000017faedfdd60, 0x0000017faedfe068]
Event: 11.283 Thread 0x00000180011da660 3407       3       com.google.gson.stream.JsonReader::peek (144 bytes)
Event: 11.283 Thread 0x00000180011da660 nmethod 3407 0x0000017faedfe190 code [0x0000017faedfe3c0, 0x0000017faedfea28]
Event: 11.283 Thread 0x00000180011da660 3408       3       com.google.gson.stream.JsonReader::hasNext (36 bytes)
Event: 11.283 Thread 0x00000180011da660 nmethod 3408 0x0000017faedfeb90 code [0x0000017faedfed40, 0x0000017faedfefe0]
Event: 11.283 Thread 0x00000180011da660 3409       3       java.lang.invoke.DirectMethodHandle$Holder::invokeStatic (22 bytes)
Event: 11.283 Thread 0x00000180011da660 nmethod 3409 0x0000017faedff090 code [0x0000017faedff260, 0x0000017faedff7b0]
Event: 11.284 Thread 0x00000180011da660 3410       3       jdk.internal.reflect.ReflectionFactory::useMethodHandleAccessor (18 bytes)
Event: 11.284 Thread 0x00000180011da660 nmethod 3410 0x0000017faedff910 code [0x0000017faedffac0, 0x0000017faedffc40]
Event: 11.284 Thread 0x00000180011da660 3411       3       jdk.internal.reflect.MethodHandleAccessorFactory::useNativeAccessor (74 bytes)
Event: 11.284 Thread 0x00000180011da660 nmethod 3411 0x0000017faedffd10 code [0x0000017faedfff60, 0x0000017faee00780]
Event: 11.284 Thread 0x00000180011da660 3412       3       java.lang.invoke.MethodType::genericMethodType (6 bytes)
Event: 11.284 Thread 0x00000180011da660 nmethod 3412 0x0000017faee00a10 code [0x0000017faee00bc0, 0x0000017faee00ce0]

GC Heap History (18 events):
Event: 1.235 GC heap before
{Heap before GC invocations=1 (full 0):
 PSYoungGen      total 29696K, used 25600K [0x00000000eab00000, 0x00000000ecc00000, 0x0000000100000000)
  eden space 25600K, 100% used [0x00000000eab00000,0x00000000ec400000,0x00000000ec400000)
  from space 4096K, 0% used [0x00000000ec800000,0x00000000ec800000,0x00000000ecc00000)
  to   space 4096K, 0% used [0x00000000ec400000,0x00000000ec400000,0x00000000ec800000)
 ParOldGen       total 68608K, used 0K [0x00000000c0000000, 0x00000000c4300000, 0x00000000eab00000)
  object space 68608K, 0% used [0x00000000c0000000,0x00000000c0000000,0x00000000c4300000)
 Metaspace       used 4353K, committed 4544K, reserved 1114112K
  class space    used 435K, committed 512K, reserved 1048576K
}
Event: 1.243 GC heap after
{Heap after GC invocations=1 (full 0):
 PSYoungGen      total 29696K, used 3222K [0x00000000eab00000, 0x00000000ecc00000, 0x0000000100000000)
  eden space 25600K, 0% used [0x00000000eab00000,0x00000000eab00000,0x00000000ec400000)
  from space 4096K, 78% used [0x00000000ec400000,0x00000000ec725860,0x00000000ec800000)
  to   space 4096K, 0% used [0x00000000ec800000,0x00000000ec800000,0x00000000ecc00000)
 ParOldGen       total 68608K, used 16K [0x00000000c0000000, 0x00000000c4300000, 0x00000000eab00000)
  object space 68608K, 0% used [0x00000000c0000000,0x00000000c0004000,0x00000000c4300000)
 Metaspace       used 4353K, committed 4544K, reserved 1114112K
  class space    used 435K, committed 512K, reserved 1048576K
}
Event: 8.922 GC heap before
{Heap before GC invocations=2 (full 0):
 PSYoungGen      total 29696K, used 28822K [0x00000000eab00000, 0x00000000ecc00000, 0x0000000100000000)
  eden space 25600K, 100% used [0x00000000eab00000,0x00000000ec400000,0x00000000ec400000)
  from space 4096K, 78% used [0x00000000ec400000,0x00000000ec725860,0x00000000ec800000)
  to   space 4096K, 0% used [0x00000000ec800000,0x00000000ec800000,0x00000000ecc00000)
 ParOldGen       total 68608K, used 16K [0x00000000c0000000, 0x00000000c4300000, 0x00000000eab00000)
  object space 68608K, 0% used [0x00000000c0000000,0x00000000c0004000,0x00000000c4300000)
 Metaspace       used 8203K, committed 8512K, reserved 1114112K
  class space    used 811K, committed 960K, reserved 1048576K
}
Event: 8.926 GC heap after
{Heap after GC invocations=2 (full 0):
 PSYoungGen      total 29696K, used 4090K [0x00000000eab00000, 0x00000000ecc00000, 0x0000000100000000)
  eden space 25600K, 0% used [0x00000000eab00000,0x00000000eab00000,0x00000000ec400000)
  from space 4096K, 99% used [0x00000000ec800000,0x00000000ecbfe998,0x00000000ecc00000)
  to   space 4096K, 0% used [0x00000000ec400000,0x00000000ec400000,0x00000000ec800000)
 ParOldGen       total 68608K, used 917K [0x00000000c0000000, 0x00000000c4300000, 0x00000000eab00000)
  object space 68608K, 1% used [0x00000000c0000000,0x00000000c00e56b8,0x00000000c4300000)
 Metaspace       used 8203K, committed 8512K, reserved 1114112K
  class space    used 811K, committed 960K, reserved 1048576K
}
Event: 9.478 GC heap before
{Heap before GC invocations=3 (full 0):
 PSYoungGen      total 29696K, used 29690K [0x00000000eab00000, 0x00000000ecc00000, 0x0000000100000000)
  eden space 25600K, 99% used [0x00000000eab00000,0x00000000ec3ffff0,0x00000000ec400000)
  from space 4096K, 99% used [0x00000000ec800000,0x00000000ecbfe998,0x00000000ecc00000)
  to   space 4096K, 0% used [0x00000000ec400000,0x00000000ec400000,0x00000000ec800000)
 ParOldGen       total 68608K, used 917K [0x00000000c0000000, 0x00000000c4300000, 0x00000000eab00000)
  object space 68608K, 1% used [0x00000000c0000000,0x00000000c00e56b8,0x00000000c4300000)
 Metaspace       used 13011K, committed 13504K, reserved 1114112K
  class space    used 1312K, committed 1536K, reserved 1048576K
}
Event: 9.481 GC heap after
{Heap after GC invocations=3 (full 0):
 PSYoungGen      total 29696K, used 4083K [0x00000000eab00000, 0x00000000ecc00000, 0x0000000100000000)
  eden space 25600K, 0% used [0x00000000eab00000,0x00000000eab00000,0x00000000ec400000)
  from space 4096K, 99% used [0x00000000ec400000,0x00000000ec7fcc70,0x00000000ec800000)
  to   space 4096K, 0% used [0x00000000ec800000,0x00000000ec800000,0x00000000ecc00000)
 ParOldGen       total 68608K, used 2828K [0x00000000c0000000, 0x00000000c4300000, 0x00000000eab00000)
  object space 68608K, 4% used [0x00000000c0000000,0x00000000c02c30a8,0x00000000c4300000)
 Metaspace       used 13011K, committed 13504K, reserved 1114112K
  class space    used 1312K, committed 1536K, reserved 1048576K
}
Event: 10.152 GC heap before
{Heap before GC invocations=4 (full 0):
 PSYoungGen      total 29696K, used 29683K [0x00000000eab00000, 0x00000000ecc00000, 0x0000000100000000)
  eden space 25600K, 100% used [0x00000000eab00000,0x00000000ec400000,0x00000000ec400000)
  from space 4096K, 99% used [0x00000000ec400000,0x00000000ec7fcc70,0x00000000ec800000)
  to   space 4096K, 0% used [0x00000000ec800000,0x00000000ec800000,0x00000000ecc00000)
 ParOldGen       total 68608K, used 2828K [0x00000000c0000000, 0x00000000c4300000, 0x00000000eab00000)
  object space 68608K, 4% used [0x00000000c0000000,0x00000000c02c30a8,0x00000000c4300000)
 Metaspace       used 16905K, committed 17472K, reserved 1114112K
  class space    used 1695K, committed 1920K, reserved 1048576K
}
Event: 10.156 GC heap after
{Heap after GC invocations=4 (full 0):
 PSYoungGen      total 29696K, used 4064K [0x00000000eab00000, 0x00000000ecc00000, 0x0000000100000000)
  eden space 25600K, 0% used [0x00000000eab00000,0x00000000eab00000,0x00000000ec400000)
  from space 4096K, 99% used [0x00000000ec800000,0x00000000ecbf8280,0x00000000ecc00000)
  to   space 4096K, 0% used [0x00000000ec400000,0x00000000ec400000,0x00000000ec800000)
 ParOldGen       total 68608K, used 6029K [0x00000000c0000000, 0x00000000c4300000, 0x00000000eab00000)
  object space 68608K, 8% used [0x00000000c0000000,0x00000000c05e3430,0x00000000c4300000)
 Metaspace       used 16905K, committed 17472K, reserved 1114112K
  class space    used 1695K, committed 1920K, reserved 1048576K
}
Event: 10.372 GC heap before
{Heap before GC invocations=5 (full 0):
 PSYoungGen      total 29696K, used 29664K [0x00000000eab00000, 0x00000000ecc00000, 0x0000000100000000)
  eden space 25600K, 100% used [0x00000000eab00000,0x00000000ec400000,0x00000000ec400000)
  from space 4096K, 99% used [0x00000000ec800000,0x00000000ecbf8280,0x00000000ecc00000)
  to   space 4096K, 0% used [0x00000000ec400000,0x00000000ec400000,0x00000000ec800000)
 ParOldGen       total 68608K, used 6029K [0x00000000c0000000, 0x00000000c4300000, 0x00000000eab00000)
  object space 68608K, 8% used [0x00000000c0000000,0x00000000c05e3430,0x00000000c4300000)
 Metaspace       used 20230K, committed 20864K, reserved 1114112K
  class space    used 1936K, committed 2176K, reserved 1048576K
}
Event: 10.376 GC heap after
{Heap after GC invocations=5 (full 0):
 PSYoungGen      total 29184K, used 4088K [0x00000000eab00000, 0x00000000ed180000, 0x0000000100000000)
  eden space 25088K, 0% used [0x00000000eab00000,0x00000000eab00000,0x00000000ec380000)
  from space 4096K, 99% used [0x00000000ec400000,0x00000000ec7fe370,0x00000000ec800000)
  to   space 7168K, 0% used [0x00000000eca80000,0x00000000eca80000,0x00000000ed180000)
 ParOldGen       total 68608K, used 8987K [0x00000000c0000000, 0x00000000c4300000, 0x00000000eab00000)
  object space 68608K, 13% used [0x00000000c0000000,0x00000000c08c6e20,0x00000000c4300000)
 Metaspace       used 20230K, committed 20864K, reserved 1114112K
  class space    used 1936K, committed 2176K, reserved 1048576K
}
Event: 10.403 GC heap before
{Heap before GC invocations=6 (full 0):
 PSYoungGen      total 29184K, used 8093K [0x00000000eab00000, 0x00000000ed180000, 0x0000000100000000)
  eden space 25088K, 15% used [0x00000000eab00000,0x00000000eaee91e0,0x00000000ec380000)
  from space 4096K, 99% used [0x00000000ec400000,0x00000000ec7fe370,0x00000000ec800000)
  to   space 7168K, 0% used [0x00000000eca80000,0x00000000eca80000,0x00000000ed180000)
 ParOldGen       total 68608K, used 8987K [0x00000000c0000000, 0x00000000c4300000, 0x00000000eab00000)
  object space 68608K, 13% used [0x00000000c0000000,0x00000000c08c6e20,0x00000000c4300000)
 Metaspace       used 20896K, committed 21504K, reserved 1114112K
  class space    used 1985K, committed 2240K, reserved 1048576K
}
Event: 10.407 GC heap after
{Heap after GC invocations=6 (full 0):
 PSYoungGen      total 29696K, used 4214K [0x00000000eab00000, 0x00000000ecf00000, 0x0000000100000000)
  eden space 25088K, 0% used [0x00000000eab00000,0x00000000eab00000,0x00000000ec380000)
  from space 4608K, 91% used [0x00000000eca80000,0x00000000ece9da08,0x00000000ecf00000)
  to   space 5632K, 0% used [0x00000000ec400000,0x00000000ec400000,0x00000000ec980000)
 ParOldGen       total 68608K, used 8987K [0x00000000c0000000, 0x00000000c4300000, 0x00000000eab00000)
  object space 68608K, 13% used [0x00000000c0000000,0x00000000c08c6e20,0x00000000c4300000)
 Metaspace       used 20896K, committed 21504K, reserved 1114112K
  class space    used 1985K, committed 2240K, reserved 1048576K
}
Event: 10.407 GC heap before
{Heap before GC invocations=7 (full 1):
 PSYoungGen      total 29696K, used 4214K [0x00000000eab00000, 0x00000000ecf00000, 0x0000000100000000)
  eden space 25088K, 0% used [0x00000000eab00000,0x00000000eab00000,0x00000000ec380000)
  from space 4608K, 91% used [0x00000000eca80000,0x00000000ece9da08,0x00000000ecf00000)
  to   space 5632K, 0% used [0x00000000ec400000,0x00000000ec400000,0x00000000ec980000)
 ParOldGen       total 68608K, used 8987K [0x00000000c0000000, 0x00000000c4300000, 0x00000000eab00000)
  object space 68608K, 13% used [0x00000000c0000000,0x00000000c08c6e20,0x00000000c4300000)
 Metaspace       used 20896K, committed 21504K, reserved 1114112K
  class space    used 1985K, committed 2240K, reserved 1048576K
}
Event: 10.426 GC heap after
{Heap after GC invocations=7 (full 1):
 PSYoungGen      total 29696K, used 0K [0x00000000eab00000, 0x00000000ecf00000, 0x0000000100000000)
  eden space 25088K, 0% used [0x00000000eab00000,0x00000000eab00000,0x00000000ec380000)
  from space 4608K, 0% used [0x00000000eca80000,0x00000000eca80000,0x00000000ecf00000)
  to   space 5632K, 0% used [0x00000000ec400000,0x00000000ec400000,0x00000000ec980000)
 ParOldGen       total 68608K, used 8527K [0x00000000c0000000, 0x00000000c4300000, 0x00000000eab00000)
  object space 68608K, 12% used [0x00000000c0000000,0x00000000c0853f70,0x00000000c4300000)
 Metaspace       used 20884K, committed 21504K, reserved 1114112K
  class space    used 1981K, committed 2240K, reserved 1048576K
}
Event: 10.688 GC heap before
{Heap before GC invocations=8 (full 1):
 PSYoungGen      total 29696K, used 25088K [0x00000000eab00000, 0x00000000ecf00000, 0x0000000100000000)
  eden space 25088K, 100% used [0x00000000eab00000,0x00000000ec380000,0x00000000ec380000)
  from space 4608K, 0% used [0x00000000eca80000,0x00000000eca80000,0x00000000ecf00000)
  to   space 5632K, 0% used [0x00000000ec400000,0x00000000ec400000,0x00000000ec980000)
 ParOldGen       total 68608K, used 8527K [0x00000000c0000000, 0x00000000c4300000, 0x00000000eab00000)
  object space 68608K, 12% used [0x00000000c0000000,0x00000000c0853f70,0x00000000c4300000)
 Metaspace       used 22781K, committed 23424K, reserved 1114112K
  class space    used 2123K, committed 2368K, reserved 1048576K
}
Event: 10.690 GC heap after
{Heap after GC invocations=8 (full 1):
 PSYoungGen      total 27648K, used 3008K [0x00000000eab00000, 0x00000000ecb00000, 0x0000000100000000)
  eden space 24576K, 0% used [0x00000000eab00000,0x00000000eab00000,0x00000000ec300000)
  from space 3072K, 97% used [0x00000000ec400000,0x00000000ec6f0020,0x00000000ec700000)
  to   space 4096K, 0% used [0x00000000ec700000,0x00000000ec700000,0x00000000ecb00000)
 ParOldGen       total 68608K, used 8535K [0x00000000c0000000, 0x00000000c4300000, 0x00000000eab00000)
  object space 68608K, 12% used [0x00000000c0000000,0x00000000c0855f70,0x00000000c4300000)
 Metaspace       used 22781K, committed 23424K, reserved 1114112K
  class space    used 2123K, committed 2368K, reserved 1048576K
}
Event: 11.176 GC heap before
{Heap before GC invocations=9 (full 1):
 PSYoungGen      total 27648K, used 27584K [0x00000000eab00000, 0x00000000ecb00000, 0x0000000100000000)
  eden space 24576K, 100% used [0x00000000eab00000,0x00000000ec300000,0x00000000ec300000)
  from space 3072K, 97% used [0x00000000ec400000,0x00000000ec6f0020,0x00000000ec700000)
  to   space 4096K, 0% used [0x00000000ec700000,0x00000000ec700000,0x00000000ecb00000)
 ParOldGen       total 68608K, used 8535K [0x00000000c0000000, 0x00000000c4300000, 0x00000000eab00000)
  object space 68608K, 12% used [0x00000000c0000000,0x00000000c0855f70,0x00000000c4300000)
 Metaspace       used 26807K, committed 27584K, reserved 1114112K
  class space    used 2584K, committed 2880K, reserved 1048576K
}
Event: 11.179 GC heap after
{Heap after GC invocations=9 (full 1):
 PSYoungGen      total 28160K, used 4093K [0x00000000eab00000, 0x00000000ecb80000, 0x0000000100000000)
  eden space 24064K, 0% used [0x00000000eab00000,0x00000000eab00000,0x00000000ec280000)
  from space 4096K, 99% used [0x00000000ec700000,0x00000000ecaff6d8,0x00000000ecb00000)
  to   space 4608K, 0% used [0x00000000ec280000,0x00000000ec280000,0x00000000ec700000)
 ParOldGen       total 68608K, used 8751K [0x00000000c0000000, 0x00000000c4300000, 0x00000000eab00000)
  object space 68608K, 12% used [0x00000000c0000000,0x00000000c088bf70,0x00000000c4300000)
 Metaspace       used 26807K, committed 27584K, reserved 1114112K
  class space    used 2584K, committed 2880K, reserved 1048576K
}

Dll operation events (10 events):
Event: 0.049 Loaded shared library c:\Users\ASUS\.vscode\extensions\redhat.java-1.39.0-win32-x64\jre\21.0.5-win32-x86_64\bin\java.dll
Event: 0.176 Loaded shared library c:\Users\ASUS\.vscode\extensions\redhat.java-1.39.0-win32-x64\jre\21.0.5-win32-x86_64\bin\zip.dll
Event: 0.216 Loaded shared library C:\Users\ASUS\.vscode\extensions\redhat.java-1.39.0-win32-x64\jre\21.0.5-win32-x86_64\bin\instrument.dll
Event: 0.223 Loaded shared library C:\Users\ASUS\.vscode\extensions\redhat.java-1.39.0-win32-x64\jre\21.0.5-win32-x86_64\bin\net.dll
Event: 0.227 Loaded shared library C:\Users\ASUS\.vscode\extensions\redhat.java-1.39.0-win32-x64\jre\21.0.5-win32-x86_64\bin\nio.dll
Event: 0.234 Loaded shared library C:\Users\ASUS\.vscode\extensions\redhat.java-1.39.0-win32-x64\jre\21.0.5-win32-x86_64\bin\zip.dll
Event: 0.271 Loaded shared library C:\Users\ASUS\.vscode\extensions\redhat.java-1.39.0-win32-x64\jre\21.0.5-win32-x86_64\bin\jimage.dll
Event: 0.400 Loaded shared library c:\Users\ASUS\.vscode\extensions\redhat.java-1.39.0-win32-x64\jre\21.0.5-win32-x86_64\bin\verify.dll
Event: 8.877 Loaded shared library C:\Users\ASUS\AppData\Roaming\Code\User\globalStorage\redhat.java\1.39.0\config_ss_win\org.eclipse.equinox.launcher\org.eclipse.equinox.launcher.win32.win32.x86_64_1.2.1100.v20240722-2106\eclipse_11904.dll
Event: 9.948 Loaded shared library C:\Users\ASUS\AppData\Local\Temp\jna-2018896\jna4936713910511241771.dll

Deoptimization events (20 events):
Event: 11.198 Thread 0x0000017fa9c52380 Uncommon trap: trap_request=0xffffff45 fr.pc=0x0000017fb6321618 relative=0x00000000000008d8
Event: 11.198 Thread 0x0000017fa9c52380 Uncommon trap: reason=unstable_if action=reinterpret pc=0x0000017fb6321618 method=jdk.internal.org.objectweb.asm.SymbolTable.put(Ljdk/internal/org/objectweb/asm/SymbolTable$Entry;)Ljdk/internal/org/objectweb/asm/SymbolTable$Entry; @ 13 c2
Event: 11.198 Thread 0x0000017fa9c52380 DEOPT PACKING pc=0x0000017fb6321618 sp=0x000000274e5fdf50
Event: 11.198 Thread 0x0000017fa9c52380 DEOPT UNPACKING pc=0x0000017fb5d03aa2 sp=0x000000274e5fde68 mode 2
Event: 11.207 Thread 0x0000017fa9c52380 Uncommon trap: trap_request=0xffffff45 fr.pc=0x0000017fb628dd50 relative=0x00000000000000b0
Event: 11.207 Thread 0x0000017fa9c52380 Uncommon trap: reason=unstable_if action=reinterpret pc=0x0000017fb628dd50 method=java.lang.CharacterDataLatin1.digit(II)I @ 7 c2
Event: 11.207 Thread 0x0000017fa9c52380 DEOPT PACKING pc=0x0000017fb628dd50 sp=0x000000274e5fe160
Event: 11.207 Thread 0x0000017fa9c52380 DEOPT UNPACKING pc=0x0000017fb5d03aa2 sp=0x000000274e5fe0e0 mode 2
Event: 11.208 Thread 0x0000017fa9c52380 Uncommon trap: trap_request=0xffffff76 fr.pc=0x0000017fb639a0b4 relative=0x00000000000009f4
Event: 11.208 Thread 0x0000017fa9c52380 Uncommon trap: reason=predicate action=maybe_recompile pc=0x0000017fb639a0b4 method=java.util.TreeMap.put(Ljava/lang/Object;Ljava/lang/Object;Z)Ljava/lang/Object; @ 27 c2
Event: 11.208 Thread 0x0000017fa9c52380 DEOPT PACKING pc=0x0000017fb639a0b4 sp=0x000000274e5fde40
Event: 11.208 Thread 0x0000017fa9c52380 DEOPT UNPACKING pc=0x0000017fb5d03aa2 sp=0x000000274e5fde00 mode 2
Event: 11.242 Thread 0x0000017fa9c52380 Uncommon trap: trap_request=0xffffff45 fr.pc=0x0000017fb6287170 relative=0x00000000000002d0
Event: 11.242 Thread 0x0000017fa9c52380 Uncommon trap: reason=unstable_if action=reinterpret pc=0x0000017fb6287170 method=java.util.HashMap$HashIterator.<init>(Ljava/util/HashMap;)V @ 45 c2
Event: 11.242 Thread 0x0000017fa9c52380 DEOPT PACKING pc=0x0000017fb6287170 sp=0x000000274e5fe2f0
Event: 11.242 Thread 0x0000017fa9c52380 DEOPT UNPACKING pc=0x0000017fb5d03aa2 sp=0x000000274e5fe288 mode 2
Event: 11.257 Thread 0x0000017fa9c52380 Uncommon trap: trap_request=0xffffff45 fr.pc=0x0000017fb63b7884 relative=0x00000000000001e4
Event: 11.257 Thread 0x0000017fa9c52380 Uncommon trap: reason=unstable_if action=reinterpret pc=0x0000017fb63b7884 method=java.lang.StringConcatHelper.prepend(J[BLjava/lang/String;)J @ 13 c2
Event: 11.257 Thread 0x0000017fa9c52380 DEOPT PACKING pc=0x0000017fb63b7884 sp=0x000000274e5fe3b0
Event: 11.257 Thread 0x0000017fa9c52380 DEOPT UNPACKING pc=0x0000017fb5d03aa2 sp=0x000000274e5fe360 mode 2

Classes loaded (20 events):
Event: 11.208 Loading class sun/util/locale/provider/CalendarNameProviderImpl done
Event: 11.208 Loading class sun/util/cldr/CLDRCalendarNameProviderImpl done
Event: 11.208 Loading class sun/util/locale/provider/CalendarNameProviderImpl$LengthBasedComparator
Event: 11.208 Loading class sun/util/locale/provider/CalendarNameProviderImpl$LengthBasedComparator done
Event: 11.230 Loading class sun/reflect/generics/repository/FieldRepository
Event: 11.230 Loading class sun/reflect/generics/repository/FieldRepository done
Event: 11.239 Loading class java/time/format/DateTimeParseContext
Event: 11.239 Loading class java/time/format/DateTimeParseContext done
Event: 11.240 Loading class java/time/format/Parsed
Event: 11.240 Loading class java/time/format/Parsed done
Event: 11.249 Loading class java/time/Month
Event: 11.250 Loading class java/time/Month done
Event: 11.250 Loading class java/time/Year
Event: 11.250 Loading class java/time/Year done
Event: 11.261 Loading class sun/nio/ch/WindowsAsynchronousFileChannelImpl$WriteTask
Event: 11.261 Loading class sun/nio/ch/WindowsAsynchronousFileChannelImpl$WriteTask done
Event: 11.263 Loading class java/io/InvalidObjectException
Event: 11.263 Loading class java/io/ObjectStreamException
Event: 11.263 Loading class java/io/ObjectStreamException done
Event: 11.263 Loading class java/io/InvalidObjectException done

Classes unloaded (7 events):
Event: 10.412 Thread 0x0000017fa9d0e790 Unloading class 0x0000017fc117d000 'java/lang/invoke/LambdaForm$MH+0x0000017fc117d000'
Event: 10.412 Thread 0x0000017fa9d0e790 Unloading class 0x0000017fc117cc00 'java/lang/invoke/LambdaForm$MH+0x0000017fc117cc00'
Event: 10.412 Thread 0x0000017fa9d0e790 Unloading class 0x0000017fc117c800 'java/lang/invoke/LambdaForm$MH+0x0000017fc117c800'
Event: 10.412 Thread 0x0000017fa9d0e790 Unloading class 0x0000017fc117c400 'java/lang/invoke/LambdaForm$MH+0x0000017fc117c400'
Event: 10.412 Thread 0x0000017fa9d0e790 Unloading class 0x0000017fc117c000 'java/lang/invoke/LambdaForm$BMH+0x0000017fc117c000'
Event: 10.412 Thread 0x0000017fa9d0e790 Unloading class 0x0000017fc117bc00 'java/lang/invoke/LambdaForm$DMH+0x0000017fc117bc00'
Event: 10.412 Thread 0x0000017fa9d0e790 Unloading class 0x0000017fc117a800 'java/lang/invoke/LambdaForm$DMH+0x0000017fc117a800'

Classes redefined (0 events):
No events

Internal exceptions (20 events):
Event: 10.346 Thread 0x00000180011fdf50 Implicit null exception at 0x0000017fb6366cf5 to 0x0000017fb6366de8
Event: 10.613 Thread 0x00000180011fdf50 Exception <a 'java/lang/ClassNotFoundException'{0x00000000ebf69fa8}: com/sun/org/apache/xerces/internal/impl/msg/spi/DOMMessagesProvider> (0x00000000ebf69fa8) 
thrown [s\src\hotspot\share\classfile\systemDictionary.cpp, line 312]
Event: 10.614 Thread 0x00000180011fdf50 Exception <a 'java/lang/ClassNotFoundException'{0x00000000ebf85060}: com/sun/org/apache/xerces/internal/impl/msg/spi/XMLSerializerMessagesProvider> (0x00000000ebf85060) 
thrown [s\src\hotspot\share\classfile\systemDictionary.cpp, line 312]
Event: 10.616 Thread 0x00000180011fdf50 Exception <a 'java/lang/ClassNotFoundException'{0x00000000ebf928c8}: com/sun/org/apache/xerces/internal/impl/msg/spi/XMLMessagesProvider> (0x00000000ebf928c8) 
thrown [s\src\hotspot\share\classfile\systemDictionary.cpp, line 312]
Event: 10.651 Thread 0x00000180011fdf50 Exception <a 'java/lang/NoSuchMethodError'{0x00000000ec1b4338}: 'java.lang.Object java.lang.invoke.DirectMethodHandle$Holder.newInvokeSpecial(java.lang.Object, int, java.lang.Object, java.lang.Object)'> (0x00000000ec1b4338) 
thrown [s\src\hotspot\share\interpreter\linkResolver.cpp, line 773]
Event: 10.703 Thread 0x00000180011fdf50 Exception <a 'sun/nio/fs/WindowsException'{0x00000000eab83720}> (0x00000000eab83720) 
thrown [s\src\hotspot\share\prims\jni.cpp, line 520]
Event: 10.845 Thread 0x00000180011fdf50 Exception <a 'java/lang/ClassNotFoundException'{0x00000000eb170228}: com/sun/org/apache/xml/internal/serializer/spi/XMLEntitiesProvider> (0x00000000eb170228) 
thrown [s\src\hotspot\share\classfile\systemDictionary.cpp, line 312]
Event: 10.932 Thread 0x00000180011fdf50 Exception <a 'java/io/FileNotFoundException'{0x00000000eb4d44b0}> (0x00000000eb4d44b0) 
thrown [s\src\hotspot\share\prims\jni.cpp, line 520]
Event: 10.952 Thread 0x00000180011fdf50 Exception <a 'java/lang/UnsatisfiedLinkError'{0x00000000eb5ca7c0}: The specified procedure could not be found.
> (0x00000000eb5ca7c0) 
thrown [s\src\hotspot\share\prims\jni.cpp, line 539]
Event: 10.955 Thread 0x00000180011fdf50 Exception <a 'java/io/FileNotFoundException'{0x00000000eb5dfa88}> (0x00000000eb5dfa88) 
thrown [s\src\hotspot\share\prims\jni.cpp, line 520]
Event: 10.964 Thread 0x00000180011fdf50 Exception <a 'java/io/FileNotFoundException'{0x00000000eb655a20}> (0x00000000eb655a20) 
thrown [s\src\hotspot\share\prims\jni.cpp, line 520]
Event: 10.970 Thread 0x00000180011fdf50 Exception <a 'java/lang/UnsatisfiedLinkError'{0x00000000eb682be8}: The specified procedure could not be found.
> (0x00000000eb682be8) 
thrown [s\src\hotspot\share\prims\jni.cpp, line 539]
Event: 10.979 Thread 0x0000018007a8f510 Exception <a 'java/lang/NullPointerException'{0x00000000eb6a9880}> (0x00000000eb6a9880) 
thrown [s\src\hotspot\share\interpreter\linkResolver.cpp, line 1456]
Event: 11.002 Thread 0x0000017fa9c52380 Exception <a 'java/lang/NoSuchMethodError'{0x00000000eb8a51f8}: 'java.lang.Object java.lang.invoke.DirectMethodHandle$Holder.invokeStatic(java.lang.Object, long, java.lang.Object)'> (0x00000000eb8a51f8) 
thrown [s\src\hotspot\share\interpreter\linkResolver.cpp, line 773]
Event: 11.002 Thread 0x0000017fa9c52380 Exception <a 'java/lang/NoSuchMethodError'{0x00000000eb8a8890}: 'java.lang.Object java.lang.invoke.DirectMethodHandle$Holder.invokeStaticInit(java.lang.Object, long, java.lang.Object)'> (0x00000000eb8a8890) 
thrown [s\src\hotspot\share\interpreter\linkResolver.cpp, line 773]
Event: 11.003 Thread 0x0000017fa9c52380 Exception <a 'java/lang/NoSuchMethodError'{0x00000000eb8ae268}: 'java.lang.Object java.lang.invoke.DirectMethodHandle$Holder.newInvokeSpecial(java.lang.Object, long)'> (0x00000000eb8ae268) 
thrown [s\src\hotspot\share\interpreter\linkResolver.cpp, line 773]
Event: 11.057 Thread 0x0000017fa9c52380 Exception <a 'java/lang/NoSuchMethodError'{0x00000000ebb73308}: 'void java.lang.invoke.DirectMethodHandle$Holder.invokeStatic(java.lang.Object, java.lang.Object, java.lang.Object, java.lang.Object)'> (0x00000000ebb73308) 
thrown [s\src\hotspot\share\interpreter\linkResolver.cpp, line 773]
Event: 11.189 Thread 0x0000017fa9c52380 Exception <a 'java/lang/NoSuchMethodError'{0x00000000eabd8e00}: 'void java.lang.invoke.DirectMethodHandle$Holder.invokeSpecial(java.lang.Object, java.lang.Object, java.lang.Object, java.lang.Object, java.lang.Object, java.lang.Object)'> (0x00000000eabd8e00) 
thrown [s\src\hotspot\share\interpreter\linkResolver.cpp, line 773]
Event: 11.190 Thread 0x0000017fa9c52380 Exception <a 'java/lang/IncompatibleClassChangeError'{0x00000000eabe10e0}: Found class java.lang.Object, but interface was expected> (0x00000000eabe10e0) 
thrown [s\src\hotspot\share\interpreter\linkResolver.cpp, line 840]
Event: 11.190 Thread 0x0000017fa9c52380 Exception <a 'java/lang/IncompatibleClassChangeError'{0x00000000eabe2fe0}: Found class java.lang.Object, but interface was expected> (0x00000000eabe2fe0) 
thrown [s\src\hotspot\share\interpreter\linkResolver.cpp, line 840]

ZGC Phase Switch (0 events):
No events

VM Operations (20 events):
Event: 10.372 Executing VM operation: ParallelGCFailedAllocation (Allocation Failure)
Event: 10.376 Executing VM operation: ParallelGCFailedAllocation (Allocation Failure) done
Event: 10.403 Executing VM operation: CollectForMetadataAllocation (Metadata GC Threshold)
Event: 10.426 Executing VM operation: CollectForMetadataAllocation (Metadata GC Threshold) done
Event: 10.567 Executing VM operation: HandshakeAllThreads (Deoptimize)
Event: 10.567 Executing VM operation: HandshakeAllThreads (Deoptimize) done
Event: 10.688 Executing VM operation: HandshakeAllThreads (Deoptimize)
Event: 10.688 Executing VM operation: HandshakeAllThreads (Deoptimize) done
Event: 10.688 Executing VM operation: ParallelGCFailedAllocation (Allocation Failure)
Event: 10.690 Executing VM operation: ParallelGCFailedAllocation (Allocation Failure) done
Event: 10.694 Executing VM operation: HandshakeAllThreads (Deoptimize)
Event: 10.694 Executing VM operation: HandshakeAllThreads (Deoptimize) done
Event: 10.757 Executing VM operation: HandshakeAllThreads (Deoptimize)
Event: 10.757 Executing VM operation: HandshakeAllThreads (Deoptimize) done
Event: 10.757 Executing VM operation: HandshakeAllThreads (Deoptimize)
Event: 10.757 Executing VM operation: HandshakeAllThreads (Deoptimize) done
Event: 10.881 Executing VM operation: HandshakeAllThreads (Deoptimize)
Event: 10.881 Executing VM operation: HandshakeAllThreads (Deoptimize) done
Event: 11.176 Executing VM operation: ParallelGCFailedAllocation (Allocation Failure)
Event: 11.179 Executing VM operation: ParallelGCFailedAllocation (Allocation Failure) done

Memory protections (0 events):
No events

Nmethod flushes (0 events):
No events

Events (20 events):
Event: 9.359 Thread 0x00000180011fdf50 Thread added: 0x0000018002de1b90
Event: 9.906 Thread 0x0000018007096df0 Thread exited: 0x0000018007096df0
Event: 9.969 Thread 0x00000180011fdf50 Thread added: 0x00000180078ac280
Event: 10.005 Thread 0x00000180011fdf50 Thread added: 0x00000180078a01e0
Event: 10.044 Thread 0x00000180011fdf50 Thread added: 0x0000018007a8f510
Event: 10.164 Thread 0x00000180011da660 Thread added: 0x0000018007b61500
Event: 10.630 Thread 0x00000180011fdf50 Thread added: 0x0000018007a8fba0
Event: 10.733 Thread 0x0000018007a8fba0 Thread exited: 0x0000018007a8fba0
Event: 11.010 Thread 0x0000017fa9c52380 Thread added: 0x0000018007a8ee80
Event: 11.010 Thread 0x0000017fa9c52380 Thread added: 0x0000018007a8fba0
Event: 11.010 Thread 0x0000017fa9c52380 Thread added: 0x0000018007a8e7f0
Event: 11.010 Thread 0x0000017fa9c52380 Thread added: 0x0000018008ece8f0
Event: 11.010 Thread 0x0000017fa9c52380 Thread added: 0x0000018008ec93a0
Event: 11.010 Thread 0x0000017fa9c52380 Thread added: 0x0000018008ecade0
Event: 11.010 Thread 0x0000017fa9c52380 Thread added: 0x0000018008ecd540
Event: 11.010 Thread 0x0000017fa9c52380 Thread added: 0x0000018008ecef80
Event: 11.010 Thread 0x0000017fa9c52380 Thread added: 0x0000018008ec7ff0
Event: 11.030 Thread 0x0000017fa9c52380 Thread added: 0x0000018008ecdbd0
Event: 11.205 Thread 0x0000017fa9c52380 Thread added: 0x0000018008ecc190
Event: 11.205 Thread 0x0000017fa9c52380 Thread added: 0x0000018008ece260


Dynamic libraries:
0x00007ff7f2fa0000 - 0x00007ff7f2fae000 	c:\Users\ASUS\.vscode\extensions\redhat.java-1.39.0-win32-x64\jre\21.0.5-win32-x86_64\bin\java.exe
0x00007ffd67310000 - 0x00007ffd67527000 	C:\Windows\SYSTEM32\ntdll.dll
0x00007ffd65260000 - 0x00007ffd65324000 	C:\Windows\System32\KERNEL32.DLL
0x00007ffd64be0000 - 0x00007ffd64f9a000 	C:\Windows\System32\KERNELBASE.dll
0x00007ffd64670000 - 0x00007ffd64781000 	C:\Windows\System32\ucrtbase.dll
0x00007ffd49d10000 - 0x00007ffd49d28000 	c:\Users\ASUS\.vscode\extensions\redhat.java-1.39.0-win32-x64\jre\21.0.5-win32-x86_64\bin\jli.dll
0x00007ffd666f0000 - 0x00007ffd6689e000 	C:\Windows\System32\USER32.dll
0x00007ffd64fa0000 - 0x00007ffd64fc6000 	C:\Windows\System32\win32u.dll
0x00007ffd65330000 - 0x00007ffd65359000 	C:\Windows\System32\GDI32.dll
0x00007ffd64790000 - 0x00007ffd648ab000 	C:\Windows\System32\gdi32full.dll
0x00007ffd645d0000 - 0x00007ffd6466a000 	C:\Windows\System32\msvcp_win.dll
0x00007ffd4b100000 - 0x00007ffd4b392000 	C:\Windows\WinSxS\amd64_microsoft.windows.common-controls_6595b64144ccf1df_6.0.22621.4541_none_2710d1c57384c085\COMCTL32.dll
0x00007ffd65f70000 - 0x00007ffd66017000 	C:\Windows\System32\msvcrt.dll
0x00007ffd31470000 - 0x00007ffd3148e000 	c:\Users\ASUS\.vscode\extensions\redhat.java-1.39.0-win32-x64\jre\21.0.5-win32-x86_64\bin\VCRUNTIME140.dll
0x00007ffd66020000 - 0x00007ffd66051000 	C:\Windows\System32\IMM32.DLL
0x00007ffd5b480000 - 0x00007ffd5b48c000 	c:\Users\ASUS\.vscode\extensions\redhat.java-1.39.0-win32-x64\jre\21.0.5-win32-x86_64\bin\vcruntime140_1.dll
0x00007ffd0adf0000 - 0x00007ffd0ae7d000 	c:\Users\ASUS\.vscode\extensions\redhat.java-1.39.0-win32-x64\jre\21.0.5-win32-x86_64\bin\msvcp140.dll
0x00007ffc64e20000 - 0x00007ffc65baf000 	c:\Users\ASUS\.vscode\extensions\redhat.java-1.39.0-win32-x64\jre\21.0.5-win32-x86_64\bin\server\jvm.dll
0x00007ffd651a0000 - 0x00007ffd65252000 	C:\Windows\System32\ADVAPI32.dll
0x00007ffd655d0000 - 0x00007ffd65677000 	C:\Windows\System32\sechost.dll
0x00007ffd64fd0000 - 0x00007ffd64ff8000 	C:\Windows\System32\bcrypt.dll
0x00007ffd65000000 - 0x00007ffd65114000 	C:\Windows\System32\RPCRT4.dll
0x00007ffd662d0000 - 0x00007ffd66341000 	C:\Windows\System32\WS2_32.dll
0x00007ffd63bf0000 - 0x00007ffd63c3d000 	C:\Windows\SYSTEM32\POWRPROF.dll
0x00007ffd591b0000 - 0x00007ffd591ba000 	C:\Windows\SYSTEM32\VERSION.dll
0x00007ffd591e0000 - 0x00007ffd59214000 	C:\Windows\SYSTEM32\WINMM.dll
0x00007ffd63bd0000 - 0x00007ffd63be3000 	C:\Windows\SYSTEM32\UMPDC.dll
0x00007ffd63610000 - 0x00007ffd63628000 	C:\Windows\SYSTEM32\kernel.appcore.dll
0x00007ffd5a9e0000 - 0x00007ffd5a9ea000 	c:\Users\ASUS\.vscode\extensions\redhat.java-1.39.0-win32-x64\jre\21.0.5-win32-x86_64\bin\jimage.dll
0x00007ffd5ee90000 - 0x00007ffd5f0c2000 	C:\Windows\SYSTEM32\DBGHELP.DLL
0x00007ffd66350000 - 0x00007ffd666e1000 	C:\Windows\System32\combase.dll
0x00007ffd65a10000 - 0x00007ffd65ae7000 	C:\Windows\System32\OLEAUT32.dll
0x00007ffd580e0000 - 0x00007ffd58112000 	C:\Windows\SYSTEM32\dbgcore.DLL
0x00007ffd64b60000 - 0x00007ffd64bdb000 	C:\Windows\System32\bcryptPrimitives.dll
0x00007ffd4a490000 - 0x00007ffd4a49f000 	c:\Users\ASUS\.vscode\extensions\redhat.java-1.39.0-win32-x64\jre\21.0.5-win32-x86_64\bin\instrument.dll
0x00007ffd30310000 - 0x00007ffd3032f000 	c:\Users\ASUS\.vscode\extensions\redhat.java-1.39.0-win32-x64\jre\21.0.5-win32-x86_64\bin\java.dll
0x00007ffd668a0000 - 0x00007ffd67119000 	C:\Windows\System32\SHELL32.dll
0x00007ffd62510000 - 0x00007ffd62e19000 	C:\Windows\SYSTEM32\windows.storage.dll
0x00007ffd623d0000 - 0x00007ffd6250f000 	C:\Windows\SYSTEM32\wintypes.dll
0x00007ffd654d0000 - 0x00007ffd655ca000 	C:\Windows\System32\SHCORE.dll
0x00007ffd66220000 - 0x00007ffd6627e000 	C:\Windows\System32\shlwapi.dll
0x00007ffd64500000 - 0x00007ffd6452b000 	C:\Windows\SYSTEM32\profapi.dll
0x00007ffd28e20000 - 0x00007ffd28e38000 	c:\Users\ASUS\.vscode\extensions\redhat.java-1.39.0-win32-x64\jre\21.0.5-win32-x86_64\bin\zip.dll
0x00007ffd4dd80000 - 0x00007ffd4dd90000 	C:\Users\ASUS\.vscode\extensions\redhat.java-1.39.0-win32-x64\jre\21.0.5-win32-x86_64\bin\net.dll
0x00007ffd58fb0000 - 0x00007ffd590e6000 	C:\Windows\SYSTEM32\WINHTTP.dll
0x00007ffd63b10000 - 0x00007ffd63b79000 	C:\Windows\system32\mswsock.dll
0x00007ffd27700000 - 0x00007ffd27716000 	C:\Users\ASUS\.vscode\extensions\redhat.java-1.39.0-win32-x64\jre\21.0.5-win32-x86_64\bin\nio.dll
0x00007ffd4dd70000 - 0x00007ffd4dd80000 	c:\Users\ASUS\.vscode\extensions\redhat.java-1.39.0-win32-x64\jre\21.0.5-win32-x86_64\bin\verify.dll
0x00007ffd13cb0000 - 0x00007ffd13cf5000 	C:\Users\ASUS\AppData\Roaming\Code\User\globalStorage\redhat.java\1.39.0\config_ss_win\org.eclipse.equinox.launcher\org.eclipse.equinox.launcher.win32.win32.x86_64_1.2.1100.v20240722-2106\eclipse_11904.dll
0x00007ffd65860000 - 0x00007ffd65a05000 	C:\Windows\System32\ole32.dll
0x00007ffd63dd0000 - 0x00007ffd63deb000 	C:\Windows\SYSTEM32\CRYPTSP.dll
0x00007ffd63570000 - 0x00007ffd635a5000 	C:\Windows\system32\rsaenh.dll
0x00007ffd63c70000 - 0x00007ffd63c98000 	C:\Windows\SYSTEM32\USERENV.dll
0x00007ffd63df0000 - 0x00007ffd63dfc000 	C:\Windows\SYSTEM32\CRYPTBASE.dll
0x00007ffd63080000 - 0x00007ffd630ad000 	C:\Windows\SYSTEM32\IPHLPAPI.DLL
0x00007ffd66280000 - 0x00007ffd66289000 	C:\Windows\System32\NSI.dll
0x00007ffd10190000 - 0x00007ffd101d9000 	C:\Users\ASUS\AppData\Local\Temp\jna-2018896\jna4936713910511241771.dll
0x00007ffd662a0000 - 0x00007ffd662a8000 	C:\Windows\System32\PSAPI.DLL
0x00007ffd59ef0000 - 0x00007ffd59f09000 	C:\Windows\SYSTEM32\dhcpcsvc6.DLL
0x00007ffd591c0000 - 0x00007ffd591df000 	C:\Windows\SYSTEM32\dhcpcsvc.DLL

dbghelp: loaded successfully - version: 4.0.5 - missing functions: none
symbol engine: initialized successfully - sym options: 0x614 - pdb path: .;c:\Users\ASUS\.vscode\extensions\redhat.java-1.39.0-win32-x64\jre\21.0.5-win32-x86_64\bin;C:\Windows\SYSTEM32;C:\Windows\WinSxS\amd64_microsoft.windows.common-controls_6595b64144ccf1df_6.0.22621.4541_none_2710d1c57384c085;c:\Users\ASUS\.vscode\extensions\redhat.java-1.39.0-win32-x64\jre\21.0.5-win32-x86_64\bin\server;C:\Users\ASUS\AppData\Roaming\Code\User\globalStorage\redhat.java\1.39.0\config_ss_win\org.eclipse.equinox.launcher\org.eclipse.equinox.launcher.win32.win32.x86_64_1.2.1100.v20240722-2106;C:\Users\ASUS\AppData\Local\Temp\jna-2018896

VM Arguments:
jvm_args: --add-modules=ALL-SYSTEM --add-opens=java.base/java.util=ALL-UNNAMED --add-opens=java.base/java.lang=ALL-UNNAMED --add-opens=java.base/sun.nio.fs=ALL-UNNAMED -Declipse.application=org.eclipse.jdt.ls.core.id1 -Dosgi.bundles.defaultStartLevel=4 -Declipse.product=org.eclipse.jdt.ls.core.product -Djava.import.generatesMetadataFilesAtProjectRoot=false -DDetectVMInstallationsJob.disabled=true -Dfile.encoding=utf8 -XX:+UseParallelGC -XX:GCTimeRatio=4 -XX:AdaptiveSizePolicyWeight=90 -Dsun.zip.disableMemoryMapping=true -Xmx1G -Xms100m -Xlog:disable -javaagent:c:\Users\ASUS\.vscode\extensions\redhat.java-1.39.0-win32-x64\lombok\lombok-1.18.34.jar 
java_command: c:\Users\ASUS\.vscode\extensions\redhat.java-1.39.0-win32-x64\server\plugins\org.eclipse.equinox.launcher_1.6.900.v20240613-2009.jar -configuration c:\Users\ASUS\AppData\Roaming\Code\User\globalStorage\redhat.java\1.39.0\config_ss_win -data c:\Users\ASUS\AppData\Roaming\Code\User\workspaceStorage\6910ae234b86999c1438dbf576e5d1cf\redhat.java\ss_ws --pipe=\\.\pipe\lsp-b484d8f376ebe3e659d7f8bab50865f9-sock
java_class_path (initial): c:\Users\ASUS\.vscode\extensions\redhat.java-1.39.0-win32-x64\server\plugins\org.eclipse.equinox.launcher_1.6.900.v20240613-2009.jar
Launcher Type: SUN_STANDARD

[Global flags]
    uintx AdaptiveSizePolicyWeight                 = 90                                        {product} {command line}
     intx CICompilerCount                          = 4                                         {product} {ergonomic}
    uintx GCTimeRatio                              = 4                                         {product} {command line}
   size_t InitialHeapSize                          = 104857600                                 {product} {command line}
   size_t MaxHeapSize                              = 1073741824                                {product} {command line}
   size_t MaxNewSize                               = 357564416                                 {product} {ergonomic}
   size_t MinHeapDeltaBytes                        = 524288                                    {product} {ergonomic}
   size_t MinHeapSize                              = 104857600                                 {product} {command line}
   size_t NewSize                                  = 34603008                                  {product} {ergonomic}
    uintx NonNMethodCodeHeapSize                   = 5839372                                {pd product} {ergonomic}
    uintx NonProfiledCodeHeapSize                  = 122909434                              {pd product} {ergonomic}
   size_t OldSize                                  = 70254592                                  {product} {ergonomic}
    uintx ProfiledCodeHeapSize                     = 122909434                              {pd product} {ergonomic}
    uintx ReservedCodeCacheSize                    = 251658240                              {pd product} {ergonomic}
     bool SegmentedCodeCache                       = true                                      {product} {ergonomic}
   size_t SoftMaxHeapSize                          = 1073741824                             {manageable} {ergonomic}
     bool UseCompressedOops                        = true                           {product lp64_product} {ergonomic}
     bool UseLargePagesIndividualAllocation        = false                                  {pd product} {ergonomic}
     bool UseParallelGC                            = true                                      {product} {command line}

Logging:
Log output configuration:
 #0: stdout all=off uptime,level,tags foldmultilines=false
 #1: stderr all=off uptime,level,tags foldmultilines=false

Environment Variables:
JAVA_HOME=C:\Program Files\Java\jdk-17\bin
PATH=C:\Program Files\Common Files\Oracle\Java\javapath;C:\ProgramData\Oracle\Java\javapath;C:\Program Files (x86)\Common Files\Oracle\Java\java8path;C:\Program Files (x86)\VMware\VMware Workstation\bin\;C:\Windows\system32;C:\Windows;C:\Windows\System32\Wbem;C:\Windows\System32\WindowsPowerShell\v1.0\;C:\Windows\System32\OpenSSH\;C:\Program Files\nodejs\;C:\Users\ASUS\AppData\Roaming\Python\Scripts;C:\Users\ASUS\AppData\Local\Programs\Python\Python3x;C:\MinGW\bin;C:\Users\ASUS\Downloads\exiftool-12.77;C:\Program Files\dotnet\;C:\Program Files\Git\cmd;C:\Program Files\apache-maven-3.9.9-bin\apache-maven-3.9.9\bin;C:\Program Files\apache-maven-3.9.9-bin\apache-maven-3.9.9\bin;C:\Program Files\Java\jdk-17\bin\bin;C:\Program Files (x86)\Windows Kits\10\Windows Performance Toolkit\;C:\Program Files\SASHome\x86\Secure\ccme4;C:\Program Files\SASHome\Secure\ccme4;C:\Program Files (x86)\Microsoft SQL Server\160\Tools\Binn\;C:\Program Files\Microsoft SQL Server\160\Tools\Binn\;C:\Program Files\Microsoft SQL Server\Client SDK\ODBC\170\Tools\Binn\;C:\Program Files\Microsoft SQL Server\160\DTS\Binn\;C:\Program Files\Microsoft SQL Server\150\Tools\Binn\;C:\Program Files (x86)\Microsoft SQL Server\160\DTS\Binn\;C:\Program Files\Azure Data Studio\bin;C:\Users\ASUS\AppData\Local\Programs\Eclipse Adoptium\jdk-17.0.11.9-hotspot\bin;C:\Users\ASUS\AppData\Local\Programs\Python\Python312\Scripts\;C:\Users\ASUS\AppData\Local\Programs\Python\Python312\;C:\Users\ASUS\AppData\Local\Programs\Python\Python3x;C:\Users\ASUS\AppData\Local\Microsoft\WindowsApps;C:\Users\ASUS\AppData\Local\Programs\Microsoft VS Code\bin;C:\Users\ASUS\AppData\Roaming\npm;C:\Users\ASUS\AppData\Local\GitHubDesktop\bin;C:\Users\ASUS\AppData\Roaming\Python\Scripts;C:\MinGW\bin;C:\Users\ASUS\AppData\Local\Google\Cloud SDK\google-cloud-sdk\bin;C:\Users\ASUS\Downloads\JavaCodingPack-0.4.1.exe;C:\Program Files\Java\jdk-17\bin;C:\Users\ASUS\Downloads\jdatepicker-1.3.4.jar;C:\Program Files\apache-maven-3.9.9-bin\apache-maven-3.9.9\bin;C:\Users\ASUS\.dotnet\tools;C:\Program Files\Azure Data Studio\bin
USERNAME=ASUS
OS=Windows_NT
PROCESSOR_IDENTIFIER=Intel64 Family 6 Model 142 Stepping 12, GenuineIntel
TMP=C:\Users\ASUS\AppData\Local\Temp
TEMP=C:\Users\ASUS\AppData\Local\Temp




Periodic native trim disabled

---------------  S Y S T E M  ---------------

OS:
 Windows 11 , 64 bit Build 22621 (10.0.22621.4391)
OS uptime: 12 days 1:19 hours

CPU: total 8 (initial active 8) (4 cores per cpu, 2 threads per core) family 6 model 142 stepping 12 microcode 0xde, cx8, cmov, fxsr, ht, mmx, 3dnowpref, sse, sse2, sse3, ssse3, sse4.1, sse4.2, popcnt, lzcnt, tsc, tscinvbit, avx, avx2, aes, erms, clmul, bmi1, bmi2, adx, fma, vzeroupper, clflush, clflushopt, rdtscp, f16c
Processor Information for all 8 processors :
  Max Mhz: 2112, Current Mhz: 1609, Mhz Limit: 1605

Memory: 4k page, system-wide physical 8042M (418M free)
TotalPageFile size 32618M (AvailPageFile size 3M)
current process WorkingSet (physical memory assigned to process): 157M, peak: 157M
current process commit charge ("private bytes"): 258M, peak: 258M

vm_info: OpenJDK 64-Bit Server VM (21.0.5+11-LTS) for windows-amd64 JRE (21.0.5+11-LTS), built on 2024-10-15T00:00:00Z by "admin" with MS VC++ 17.7 (VS2022)

END.
